Line 38: Class MSAdodcLib.Adodc of control Qeybat was not a loaded control class.
Line 84: Class MSAdodcLib.Adodc of control Emtahan was not a loaded control class.
Line 130: Class MSAdodcLib.Adodc of control STU2CLASS was not a loaded control class.
Line 176: Class MSAdodcLib.Adodc of control mclass was not a loaded control class.
Line 223: Class MSAdodcLib.Adodc of control teacher was not a loaded control class.
Line 270: Class MSAdodcLib.Adodc of control Student was not a loaded control class.
Line 317: Class MSAdodcLib.Adodc of control Tarhha was not a loaded control class.
Line 364: Class MSAdodcLib.Adodc of control Setting was not a loaded control class.
Line 410: Class MSAdodcLib.Adodc of control userprofiletable was not a loaded control class.
Line 457: Class MSAdodcLib.Adodc of control DataUser was not a loaded control class.
Line 503: Class MSAdodcLib.Adodc of control bakhshhatable was not a loaded control class.
Line 819: Class MSAdodcLib.Adodc of control Adodc1 was not a loaded control class.
Line 43: The property name _ExtentX in Qeybat is invalid.
Line 44: The property name _ExtentY in Qeybat is invalid.
Line 45: The property name ConnectMode in Qeybat is invalid.
Line 46: The property name CursorLocation in Qeybat is invalid.
Line 47: The property name IsolationLevel in Qeybat is invalid.
Line 48: The property name ConnectionTimeout in Qeybat is invalid.
Line 49: The property name CommandTimeout in Qeybat is invalid.
Line 50: The property name CursorType in Qeybat is invalid.
Line 51: The property name LockType in Qeybat is invalid.
Line 52: The property name CommandType in Qeybat is invalid.
Line 53: The property name CursorOptions in Qeybat is invalid.
Line 54: The property name CacheSize in Qeybat is invalid.
Line 55: The property name MaxRecords in Qeybat is invalid.
Line 56: The property name BOFAction in Qeybat is invalid.
Line 57: The property name EOFAction in Qeybat is invalid.
Line 58: The property name ConnectStringType in Qeybat is invalid.
Line 62: The property name Orientation in Qeybat is invalid.
Line 64: The property name Connect in Qeybat is invalid.
Line 65: The property name OLEDBString in Qeybat is invalid.
Line 66: The property name OLEDBFile in Qeybat is invalid.
Line 67: The property name DataSourceName in Qeybat is invalid.
Line 68: The property name OtherAttributes in Qeybat is invalid.
Line 69: The property name UserName in Qeybat is invalid.
Line 70: The property name Password in Qeybat is invalid.
Line 71: The property name RecordSource in Qeybat is invalid.
Line 72: The property name Caption in Qeybat is invalid.
Line 82: The property name _Version in Qeybat is invalid.
Line 89: The property name _ExtentX in Emtahan is invalid.
Line 90: The property name _ExtentY in Emtahan is invalid.
Line 91: The property name ConnectMode in Emtahan is invalid.
Line 92: The property name CursorLocation in Emtahan is invalid.
Line 93: The property name IsolationLevel in Emtahan is invalid.
Line 94: The property name ConnectionTimeout in Emtahan is invalid.
Line 95: The property name CommandTimeout in Emtahan is invalid.
Line 96: The property name CursorType in Emtahan is invalid.
Line 97: The property name LockType in Emtahan is invalid.
Line 98: The property name CommandType in Emtahan is invalid.
Line 99: The property name CursorOptions in Emtahan is invalid.
Line 100: The property name CacheSize in Emtahan is invalid.
Line 101: The property name MaxRecords in Emtahan is invalid.
Line 102: The property name BOFAction in Emtahan is invalid.
Line 103: The property name EOFAction in Emtahan is invalid.
Line 104: The property name ConnectStringType in Emtahan is invalid.
Line 108: The property name Orientation in Emtahan is invalid.
Line 110: The property name Connect in Emtahan is invalid.
Line 111: The property name OLEDBString in Emtahan is invalid.
Line 112: The property name OLEDBFile in Emtahan is invalid.
Line 113: The property name DataSourceName in Emtahan is invalid.
Line 114: The property name OtherAttributes in Emtahan is invalid.
Line 115: The property name UserName in Emtahan is invalid.
Line 116: The property name Password in Emtahan is invalid.
Line 117: The property name RecordSource in Emtahan is invalid.
Line 118: The property name Caption in Emtahan is invalid.
Line 128: The property name _Version in Emtahan is invalid.
Line 135: The property name _ExtentX in STU2CLASS is invalid.
Line 136: The property name _ExtentY in STU2CLASS is invalid.
Line 137: The property name ConnectMode in STU2CLASS is invalid.
Line 138: The property name CursorLocation in STU2CLASS is invalid.
Line 139: The property name IsolationLevel in STU2CLASS is invalid.
Line 140: The property name ConnectionTimeout in STU2CLASS is invalid.
Line 141: The property name CommandTimeout in STU2CLASS is invalid.
Line 142: The property name CursorType in STU2CLASS is invalid.
Line 143: The property name LockType in STU2CLASS is invalid.
Line 144: The property name CommandType in STU2CLASS is invalid.
Line 145: The property name CursorOptions in STU2CLASS is invalid.
Line 146: The property name CacheSize in STU2CLASS is invalid.
Line 147: The property name MaxRecords in STU2CLASS is invalid.
Line 148: The property name BOFAction in STU2CLASS is invalid.
Line 149: The property name EOFAction in STU2CLASS is invalid.
Line 150: The property name ConnectStringType in STU2CLASS is invalid.
Line 154: The property name Orientation in STU2CLASS is invalid.
Line 156: The property name Connect in STU2CLASS is invalid.
Line 157: The property name OLEDBString in STU2CLASS is invalid.
Line 158: The property name OLEDBFile in STU2CLASS is invalid.
Line 159: The property name DataSourceName in STU2CLASS is invalid.
Line 160: The property name OtherAttributes in STU2CLASS is invalid.
Line 161: The property name UserName in STU2CLASS is invalid.
Line 162: The property name Password in STU2CLASS is invalid.
Line 163: The property name RecordSource in STU2CLASS is invalid.
Line 164: The property name Caption in STU2CLASS is invalid.
Line 174: The property name _Version in STU2CLASS is invalid.
Line 182: The property name _ExtentX in mclass is invalid.
Line 183: The property name _ExtentY in mclass is invalid.
Line 184: The property name ConnectMode in mclass is invalid.
Line 185: The property name CursorLocation in mclass is invalid.
Line 186: The property name IsolationLevel in mclass is invalid.
Line 187: The property name ConnectionTimeout in mclass is invalid.
Line 188: The property name CommandTimeout in mclass is invalid.
Line 189: The property name CursorType in mclass is invalid.
Line 190: The property name LockType in mclass is invalid.
Line 191: The property name CommandType in mclass is invalid.
Line 192: The property name CursorOptions in mclass is invalid.
Line 193: The property name CacheSize in mclass is invalid.
Line 194: The property name MaxRecords in mclass is invalid.
Line 195: The property name BOFAction in mclass is invalid.
Line 196: The property name EOFAction in mclass is invalid.
Line 197: The property name ConnectStringType in mclass is invalid.
Line 201: The property name Orientation in mclass is invalid.
Line 203: The property name Connect in mclass is invalid.
Line 204: The property name OLEDBString in mclass is invalid.
Line 205: The property name OLEDBFile in mclass is invalid.
Line 206: The property name DataSourceName in mclass is invalid.
Line 207: The property name OtherAttributes in mclass is invalid.
Line 208: The property name UserName in mclass is invalid.
Line 209: The property name Password in mclass is invalid.
Line 210: The property name RecordSource in mclass is invalid.
Line 211: The property name Caption in mclass is invalid.
Line 221: The property name _Version in mclass is invalid.
Line 229: The property name _ExtentX in teacher is invalid.
Line 230: The property name _ExtentY in teacher is invalid.
Line 231: The property name ConnectMode in teacher is invalid.
Line 232: The property name CursorLocation in teacher is invalid.
Line 233: The property name IsolationLevel in teacher is invalid.
Line 234: The property name ConnectionTimeout in teacher is invalid.
Line 235: The property name CommandTimeout in teacher is invalid.
Line 236: The property name CursorType in teacher is invalid.
Line 237: The property name LockType in teacher is invalid.
Line 238: The property name CommandType in teacher is invalid.
Line 239: The property name CursorOptions in teacher is invalid.
Line 240: The property name CacheSize in teacher is invalid.
Line 241: The property name MaxRecords in teacher is invalid.
Line 242: The property name BOFAction in teacher is invalid.
Line 243: The property name EOFAction in teacher is invalid.
Line 244: The property name ConnectStringType in teacher is invalid.
Line 248: The property name Orientation in teacher is invalid.
Line 250: The property name Connect in teacher is invalid.
Line 251: The property name OLEDBString in teacher is invalid.
Line 252: The property name OLEDBFile in teacher is invalid.
Line 253: The property name DataSourceName in teacher is invalid.
Line 254: The property name OtherAttributes in teacher is invalid.
Line 255: The property name UserName in teacher is invalid.
Line 256: The property name Password in teacher is invalid.
Line 257: The property name RecordSource in teacher is invalid.
Line 258: The property name Caption in teacher is invalid.
Line 268: The property name _Version in teacher is invalid.
Line 276: The property name _ExtentX in Student is invalid.
Line 277: The property name _ExtentY in Student is invalid.
Line 278: The property name ConnectMode in Student is invalid.
Line 279: The property name CursorLocation in Student is invalid.
Line 280: The property name IsolationLevel in Student is invalid.
Line 281: The property name ConnectionTimeout in Student is invalid.
Line 282: The property name CommandTimeout in Student is invalid.
Line 283: The property name CursorType in Student is invalid.
Line 284: The property name LockType in Student is invalid.
Line 285: The property name CommandType in Student is invalid.
Line 286: The property name CursorOptions in Student is invalid.
Line 287: The property name CacheSize in Student is invalid.
Line 288: The property name MaxRecords in Student is invalid.
Line 289: The property name BOFAction in Student is invalid.
Line 290: The property name EOFAction in Student is invalid.
Line 291: The property name ConnectStringType in Student is invalid.
Line 295: The property name Orientation in Student is invalid.
Line 297: The property name Connect in Student is invalid.
Line 298: The property name OLEDBString in Student is invalid.
Line 299: The property name OLEDBFile in Student is invalid.
Line 300: The property name DataSourceName in Student is invalid.
Line 301: The property name OtherAttributes in Student is invalid.
Line 302: The property name UserName in Student is invalid.
Line 303: The property name Password in Student is invalid.
Line 304: The property name RecordSource in Student is invalid.
Line 305: The property name Caption in Student is invalid.
Line 315: The property name _Version in Student is invalid.
Line 323: The property name _ExtentX in Tarhha is invalid.
Line 324: The property name _ExtentY in Tarhha is invalid.
Line 325: The property name ConnectMode in Tarhha is invalid.
Line 326: The property name CursorLocation in Tarhha is invalid.
Line 327: The property name IsolationLevel in Tarhha is invalid.
Line 328: The property name ConnectionTimeout in Tarhha is invalid.
Line 329: The property name CommandTimeout in Tarhha is invalid.
Line 330: The property name CursorType in Tarhha is invalid.
Line 331: The property name LockType in Tarhha is invalid.
Line 332: The property name CommandType in Tarhha is invalid.
Line 333: The property name CursorOptions in Tarhha is invalid.
Line 334: The property name CacheSize in Tarhha is invalid.
Line 335: The property name MaxRecords in Tarhha is invalid.
Line 336: The property name BOFAction in Tarhha is invalid.
Line 337: The property name EOFAction in Tarhha is invalid.
Line 338: The property name ConnectStringType in Tarhha is invalid.
Line 342: The property name Orientation in Tarhha is invalid.
Line 344: The property name Connect in Tarhha is invalid.
Line 345: The property name OLEDBString in Tarhha is invalid.
Line 346: The property name OLEDBFile in Tarhha is invalid.
Line 347: The property name DataSourceName in Tarhha is invalid.
Line 348: The property name OtherAttributes in Tarhha is invalid.
Line 349: The property name UserName in Tarhha is invalid.
Line 350: The property name Password in Tarhha is invalid.
Line 351: The property name RecordSource in Tarhha is invalid.
Line 352: The property name Caption in Tarhha is invalid.
Line 362: The property name _Version in Tarhha is invalid.
Line 369: The property name _ExtentX in Setting is invalid.
Line 370: The property name _ExtentY in Setting is invalid.
Line 371: The property name ConnectMode in Setting is invalid.
Line 372: The property name CursorLocation in Setting is invalid.
Line 373: The property name IsolationLevel in Setting is invalid.
Line 374: The property name ConnectionTimeout in Setting is invalid.
Line 375: The property name CommandTimeout in Setting is invalid.
Line 376: The property name CursorType in Setting is invalid.
Line 377: The property name LockType in Setting is invalid.
Line 378: The property name CommandType in Setting is invalid.
Line 379: The property name CursorOptions in Setting is invalid.
Line 380: The property name CacheSize in Setting is invalid.
Line 381: The property name MaxRecords in Setting is invalid.
Line 382: The property name BOFAction in Setting is invalid.
Line 383: The property name EOFAction in Setting is invalid.
Line 384: The property name ConnectStringType in Setting is invalid.
Line 388: The property name Orientation in Setting is invalid.
Line 390: The property name Connect in Setting is invalid.
Line 391: The property name OLEDBString in Setting is invalid.
Line 392: The property name OLEDBFile in Setting is invalid.
Line 393: The property name DataSourceName in Setting is invalid.
Line 394: The property name OtherAttributes in Setting is invalid.
Line 395: The property name UserName in Setting is invalid.
Line 396: The property name Password in Setting is invalid.
Line 397: The property name RecordSource in Setting is invalid.
Line 398: The property name Caption in Setting is invalid.
Line 408: The property name _Version in Setting is invalid.
Line 416: The property name _ExtentX in userprofiletable is invalid.
Line 417: The property name _ExtentY in userprofiletable is invalid.
Line 418: The property name ConnectMode in userprofiletable is invalid.
Line 419: The property name CursorLocation in userprofiletable is invalid.
Line 420: The property name IsolationLevel in userprofiletable is invalid.
Line 421: The property name ConnectionTimeout in userprofiletable is invalid.
Line 422: The property name CommandTimeout in userprofiletable is invalid.
Line 423: The property name CursorType in userprofiletable is invalid.
Line 424: The property name LockType in userprofiletable is invalid.
Line 425: The property name CommandType in userprofiletable is invalid.
Line 426: The property name CursorOptions in userprofiletable is invalid.
Line 427: The property name CacheSize in userprofiletable is invalid.
Line 428: The property name MaxRecords in userprofiletable is invalid.
Line 429: The property name BOFAction in userprofiletable is invalid.
Line 430: The property name EOFAction in userprofiletable is invalid.
Line 431: The property name ConnectStringType in userprofiletable is invalid.
Line 435: The property name Orientation in userprofiletable is invalid.
Line 437: The property name Connect in userprofiletable is invalid.
Line 438: The property name OLEDBString in userprofiletable is invalid.
Line 439: The property name OLEDBFile in userprofiletable is invalid.
Line 440: The property name DataSourceName in userprofiletable is invalid.
Line 441: The property name OtherAttributes in userprofiletable is invalid.
Line 442: The property name UserName in userprofiletable is invalid.
Line 443: The property name Password in userprofiletable is invalid.
Line 444: The property name RecordSource in userprofiletable is invalid.
Line 445: The property name Caption in userprofiletable is invalid.
Line 455: The property name _Version in userprofiletable is invalid.
Line 462: The property name _ExtentX in DataUser is invalid.
Line 463: The property name _ExtentY in DataUser is invalid.
Line 464: The property name ConnectMode in DataUser is invalid.
Line 465: The property name CursorLocation in DataUser is invalid.
Line 466: The property name IsolationLevel in DataUser is invalid.
Line 467: The property name ConnectionTimeout in DataUser is invalid.
Line 468: The property name CommandTimeout in DataUser is invalid.
Line 469: The property name CursorType in DataUser is invalid.
Line 470: The property name LockType in DataUser is invalid.
Line 471: The property name CommandType in DataUser is invalid.
Line 472: The property name CursorOptions in DataUser is invalid.
Line 473: The property name CacheSize in DataUser is invalid.
Line 474: The property name MaxRecords in DataUser is invalid.
Line 475: The property name BOFAction in DataUser is invalid.
Line 476: The property name EOFAction in DataUser is invalid.
Line 477: The property name ConnectStringType in DataUser is invalid.
Line 481: The property name Orientation in DataUser is invalid.
Line 483: The property name Connect in DataUser is invalid.
Line 484: The property name OLEDBString in DataUser is invalid.
Line 485: The property name OLEDBFile in DataUser is invalid.
Line 486: The property name DataSourceName in DataUser is invalid.
Line 487: The property name OtherAttributes in DataUser is invalid.
Line 488: The property name UserName in DataUser is invalid.
Line 489: The property name Password in DataUser is invalid.
Line 490: The property name RecordSource in DataUser is invalid.
Line 491: The property name Caption in DataUser is invalid.
Line 501: The property name _Version in DataUser is invalid.
Line 508: The property name _ExtentX in bakhshhatable is invalid.
Line 509: The property name _ExtentY in bakhshhatable is invalid.
Line 510: The property name ConnectMode in bakhshhatable is invalid.
Line 511: The property name CursorLocation in bakhshhatable is invalid.
Line 512: The property name IsolationLevel in bakhshhatable is invalid.
Line 513: The property name ConnectionTimeout in bakhshhatable is invalid.
Line 514: The property name CommandTimeout in bakhshhatable is invalid.
Line 515: The property name CursorType in bakhshhatable is invalid.
Line 516: The property name LockType in bakhshhatable is invalid.
Line 517: The property name CommandType in bakhshhatable is invalid.
Line 518: The property name CursorOptions in bakhshhatable is invalid.
Line 519: The property name CacheSize in bakhshhatable is invalid.
Line 520: The property name MaxRecords in bakhshhatable is invalid.
Line 521: The property name BOFAction in bakhshhatable is invalid.
Line 522: The property name EOFAction in bakhshhatable is invalid.
Line 523: The property name ConnectStringType in bakhshhatable is invalid.
Line 527: The property name Orientation in bakhshhatable is invalid.
Line 529: The property name Connect in bakhshhatable is invalid.
Line 530: The property name OLEDBString in bakhshhatable is invalid.
Line 531: The property name OLEDBFile in bakhshhatable is invalid.
Line 532: The property name DataSourceName in bakhshhatable is invalid.
Line 533: The property name OtherAttributes in bakhshhatable is invalid.
Line 534: The property name UserName in bakhshhatable is invalid.
Line 535: The property name Password in bakhshhatable is invalid.
Line 536: The property name RecordSource in bakhshhatable is invalid.
Line 537: The property name Caption in bakhshhatable is invalid.
Line 547: The property name _Version in bakhshhatable is invalid.
Line 825: The property name _ExtentX in Adodc1 is invalid.
Line 826: The property name _ExtentY in Adodc1 is invalid.
Line 827: The property name ConnectMode in Adodc1 is invalid.
Line 828: The property name CursorLocation in Adodc1 is invalid.
Line 829: The property name IsolationLevel in Adodc1 is invalid.
Line 830: The property name ConnectionTimeout in Adodc1 is invalid.
Line 831: The property name CommandTimeout in Adodc1 is invalid.
Line 832: The property name CursorType in Adodc1 is invalid.
Line 833: The property name LockType in Adodc1 is invalid.
Line 834: The property name CommandType in Adodc1 is invalid.
Line 835: The property name CursorOptions in Adodc1 is invalid.
Line 836: The property name CacheSize in Adodc1 is invalid.
Line 837: The property name MaxRecords in Adodc1 is invalid.
Line 838: The property name BOFAction in Adodc1 is invalid.
Line 839: The property name EOFAction in Adodc1 is invalid.
Line 840: The property name ConnectStringType in Adodc1 is invalid.
Line 844: The property name Orientation in Adodc1 is invalid.
Line 846: The property name Connect in Adodc1 is invalid.
Line 847: The property name OLEDBString in Adodc1 is invalid.
Line 848: The property name OLEDBFile in Adodc1 is invalid.
Line 849: The property name DataSourceName in Adodc1 is invalid.
Line 850: The property name OtherAttributes in Adodc1 is invalid.
Line 851: The property name UserName in Adodc1 is invalid.
Line 852: The property name Password in Adodc1 is invalid.
Line 853: The property name RecordSource in Adodc1 is invalid.
Line 854: The property name Caption in Adodc1 is invalid.
Line 864: The property name _Version in Adodc1 is invalid.
