Line 44: Class MSDataGridLib.DataGrid of control DataGrid1 was not a loaded control class.
Line 45: The property name Bindings in DataGrid1 is invalid.
Line 51: The property name _ExtentX in DataGrid1 is invalid.
Line 52: The property name _ExtentY in DataGrid1 is invalid.
Line 53: The property name _Version in DataGrid1 is invalid.
Line 54: The property name AllowUpdate in DataGrid1 is invalid.
Line 55: The property name AllowArrows in DataGrid1 is invalid.
Line 56: The property name HeadLines in DataGrid1 is invalid.
Line 57: The property name RowHeight in DataGrid1 is invalid.
Line 58: The property name FormatLocked in DataGrid1 is invalid.
Line 67: The property name HeadFont in DataGrid1 is invalid.
Line 77: The property name ColumnCount in DataGrid1 is invalid.
Line 90: The property name Column00 in DataGrid1 is invalid.
Line 103: The property name Column01 in DataGrid1 is invalid.
Line 116: The property name Column02 in DataGrid1 is invalid.
Line 129: The property name Column03 in DataGrid1 is invalid.
Line 142: The property name Column04 in DataGrid1 is invalid.
Line 155: The property name Column05 in DataGrid1 is invalid.
Line 168: The property name Column06 in DataGrid1 is invalid.
Line 181: The property name Column07 in DataGrid1 is invalid.
Line 194: The property name Column08 in DataGrid1 is invalid.
Line 207: The property name Column09 in DataGrid1 is invalid.
Line 220: The property name Column10 in DataGrid1 is invalid.
Line 233: The property name Column11 in DataGrid1 is invalid.
Line 246: The property name Column12 in DataGrid1 is invalid.
Line 259: The property name Column13 in DataGrid1 is invalid.
Line 260: The property name SplitCount in DataGrid1 is invalid.
Line 313: The property name Split0 in DataGrid1 is invalid.
